<?xml version="1.0" encoding="UTF-8"?>
<TestRun id="618558f8-6dcd-461c-bbda-85440066c6c5" name="BuildUser@LCS-QA 2013-06-08 21:38:33" runUser="LCS-QA\BuildUser" xmlns="http://microsoft.com/schemas/VisualStudio/TeamTest/2010">
  <TestSettings name="TestSettings" id="508f887a-404c-4322-b137-64ee5319ef98">
    <Description>These are default test settings for a local test run.</Description>
    <Deployment userDeploymentRoot="E:\Jenkins\workspace\LindbergCorp.StringFileTranslator\TestResults\Release" useDefaultDeploymentRoot="false" runDeploymentRoot="BuildUser_LCS-QA 2013-06-08 21_38_33">
      <DeploymentItem filename="deploy\" />
    </Deployment>
    <Execution hostProcessPlatform="MSIL">
      <TestTypeSpecific>
        <UnitTestRunConfig testTypeId="13cdc9d9-ddb5-4fa4-a97d-d965ccfc6d4b">
          <AssemblyResolution>
            <TestDirectory useLoadContext="true" />
          </AssemblyResolution>
        </UnitTestRunConfig>
      </TestTypeSpecific>
      <AgentRule name="Execution Agents">
      </AgentRule>
    </Execution>
  </TestSettings>
  <Times creation="2013-06-08T21:38:33.3362047-04:00" queuing="2013-06-08T21:38:34.3674547-04:00" start="2013-06-08T21:38:34.6174547-04:00" finish="2013-06-08T21:38:35.1174547-04:00" />
  <ResultSummary outcome="Error">
    <Counters total="3" executed="3" error="3" failed="0" timeout="0" aborted="0" inconclusive="0" passedButRunAborted="0" notRunnable="0" notExecuted="0" disconnected="0" warning="0" passed="0" completed="0" inProgress="0" pending="0" />
  </ResultSummary>
  <TestDefinitions>
    <UnitTest name="TestConversionFrench" storage="lindbergcorp.stringfiletranslatortests.dll" id="7de0c8e0-30eb-e3c8-8554-c4d1ecc40c18">
      <Execution id="59527c11-8592-408f-b110-4a1bc956de38" />
      <TestMethod codeBase="E:/Jenkins/workspace/LindbergCorp.StringFileTranslator/deploy/Release/LindbergCorp.StringFileTranslatorTests.dll" adapterTypeName="Microsoft.VisualStudio.TestTools.TestTypes.Unit.UnitTestAdapter, Microsoft.VisualStudio.QualityTools.Tips.UnitTest.Adapter, Version=11.0.0.0, Culture=neutral, PublicKeyToken=b03f5f7f11d50a3a" className="LindbergCorp.StringFileTranslator.Test.TranslatorTests, LindbergCorp.StringFileTranslatorTests, Version=1.0.0.2963, Culture=neutral, PublicKeyToken=c5598d383eddc97e" name="TestConversionFrench" />
    </UnitTest>
    <UnitTest name="TestConversion" storage="lindbergcorp.stringfiletranslatortests.dll" id="313c9c2d-5925-63b1-b9ef-85f5d3b9c1da">
      <Execution id="870bdf69-fe9b-478e-a918-19dadef39b30" />
      <TestMethod codeBase="E:/Jenkins/workspace/LindbergCorp.StringFileTranslator/deploy/Release/LindbergCorp.StringFileTranslatorTests.dll" adapterTypeName="Microsoft.VisualStudio.TestTools.TestTypes.Unit.UnitTestAdapter, Microsoft.VisualStudio.QualityTools.Tips.UnitTest.Adapter, Version=11.0.0.0, Culture=neutral, PublicKeyToken=b03f5f7f11d50a3a" className="LindbergCorp.StringFileTranslator.Test.TranslatorTests, LindbergCorp.StringFileTranslatorTests, Version=1.0.0.2963, Culture=neutral, PublicKeyToken=c5598d383eddc97e" name="TestConversion" />
    </UnitTest>
    <UnitTest name="TestFileNotFound" storage="lindbergcorp.stringfiletranslatortests.dll" id="6396f67d-6b5a-7fdc-3739-369387ec4339">
      <Execution id="146f39c7-6ac0-441c-9032-1afb2ca3b039" />
      <TestMethod codeBase="E:/Jenkins/workspace/LindbergCorp.StringFileTranslator/deploy/Release/LindbergCorp.StringFileTranslatorTests.dll" adapterTypeName="Microsoft.VisualStudio.TestTools.TestTypes.Unit.UnitTestAdapter, Microsoft.VisualStudio.QualityTools.Tips.UnitTest.Adapter, Version=11.0.0.0, Culture=neutral, PublicKeyToken=b03f5f7f11d50a3a" className="LindbergCorp.StringFileTranslator.Test.TranslatorTests, LindbergCorp.StringFileTranslatorTests, Version=1.0.0.2963, Culture=neutral, PublicKeyToken=c5598d383eddc97e" name="TestFileNotFound" />
    </UnitTest>
  </TestDefinitions>
  <TestLists>
    <TestList name="Results Not in a List" id="8c84fa94-04c1-424b-9868-57a2d4851a1d" />
    <TestList name="All Loaded Results" id="19431567-8539-422a-85d7-44ee4e166bda" />
  </TestLists>
  <TestEntries>
    <TestEntry testId="313c9c2d-5925-63b1-b9ef-85f5d3b9c1da" executionId="870bdf69-fe9b-478e-a918-19dadef39b30" testListId="8c84fa94-04c1-424b-9868-57a2d4851a1d" />
    <TestEntry testId="7de0c8e0-30eb-e3c8-8554-c4d1ecc40c18" executionId="59527c11-8592-408f-b110-4a1bc956de38" testListId="8c84fa94-04c1-424b-9868-57a2d4851a1d" />
    <TestEntry testId="6396f67d-6b5a-7fdc-3739-369387ec4339" executionId="146f39c7-6ac0-441c-9032-1afb2ca3b039" testListId="8c84fa94-04c1-424b-9868-57a2d4851a1d" />
  </TestEntries>
  <Results>
    <UnitTestResult executionId="870bdf69-fe9b-478e-a918-19dadef39b30" testId="313c9c2d-5925-63b1-b9ef-85f5d3b9c1da" testName="TestConversion" computerName="LCS-QA" startTime="2013-06-08T21:38:34.6018297-04:00" endTime="2013-06-08T21:38:34.9612047-04:00" testType="13cdc9d9-ddb5-4fa4-a97d-d965ccfc6d4b" testListId="8c84fa94-04c1-424b-9868-57a2d4851a1d" relativeResultsDirectory="870bdf69-fe9b-478e-a918-19dadef39b30">
      <Output>
        <ErrorInfo>
          <Message>Method LindbergCorp.StringFileTranslator.Test.TranslatorTests.TestFixtureSetup has wrong signature.  The method should have 1 parameters.</Message>
        </ErrorInfo>
      </Output>
    </UnitTestResult>
    <UnitTestResult executionId="59527c11-8592-408f-b110-4a1bc956de38" testId="7de0c8e0-30eb-e3c8-8554-c4d1ecc40c18" testName="TestConversionFrench" computerName="LCS-QA" startTime="2013-06-08T21:38:34.9768297-04:00" endTime="2013-06-08T21:38:35.0080797-04:00" testType="13cdc9d9-ddb5-4fa4-a97d-d965ccfc6d4b" testListId="8c84fa94-04c1-424b-9868-57a2d4851a1d" relativeResultsDirectory="59527c11-8592-408f-b110-4a1bc956de38">
      <Output>
        <ErrorInfo>
          <Message>Method LindbergCorp.StringFileTranslator.Test.TranslatorTests.TestFixtureSetup has wrong signature.  The method should have 1 parameters.</Message>
        </ErrorInfo>
      </Output>
    </UnitTestResult>
    <UnitTestResult executionId="146f39c7-6ac0-441c-9032-1afb2ca3b039" testId="6396f67d-6b5a-7fdc-3739-369387ec4339" testName="TestFileNotFound" computerName="LCS-QA" startTime="2013-06-08T21:38:35.0080797-04:00" endTime="2013-06-08T21:38:35.0237047-04:00" testType="13cdc9d9-ddb5-4fa4-a97d-d965ccfc6d4b" testListId="8c84fa94-04c1-424b-9868-57a2d4851a1d" relativeResultsDirectory="146f39c7-6ac0-441c-9032-1afb2ca3b039">
      <Output>
        <ErrorInfo>
          <Message>Method LindbergCorp.StringFileTranslator.Test.TranslatorTests.TestFixtureSetup has wrong signature.  The method should have 1 parameters.</Message>
        </ErrorInfo>
      </Output>
    </UnitTestResult>
  </Results>
</TestRun>