<?xml version="1.0" encoding="UTF-8"?>
<TestRun id="a2cf5ae5-c33c-48ad-8664-732a89946c32" name="dmel@S956818 2015-04-13 08:55:54" runUser="dmel" xmlns="http://microsoft.com/schemas/VisualStudio/TeamTest/2006">
  <TestRunConfiguration name="Default Run Configuration" id="fefc8a6c-ae76-43ce-ac94-7a4ed4496d24">
    <Deployment userDeploymentRoot="C:\Users\dmel\Documents\projects\StandardTests\bin\Debug" useDefaultDeploymentRoot="false" runDeploymentRoot="C:\Users\dmel\Documents\projects\StandardTests\bin\Debug\dmel_JENK 2015-04-13 08_55_54" />
    <Hosts skipUnhostableTests="false" />
    <TestTypeSpecific />
  </TestRunConfiguration>
  <ResultSummary outcome="Completed">
    <Counters total="3" executed="3" passed="3" error="0" failed="0" timeout="0" aborted="0" inconclusive="0" passedButRunAborted="0" notRunnable="0" notExecuted="0" disconnected="0" warning="0" completed="0" inProgress="0" pending="0" />
  </ResultSummary>
  <Times creation="2015-04-13T08:55:54.1176292-06:00" queuing="2015-04-13T08:55:54.9816292-06:00" start="2015-04-13T08:55:55.1596292-06:00" finish="2015-04-13T08:55:55.4686292-06:00" />
  <TestDefinitions>
    <UnitTest name="SuffixTest" storage="standardtests.dll" id="4e48c183-7f72-4d1f-62bd-a31231eee21e">
      <Css projectStructure="" iteration="" />
      <Owners>
        <Owner name="" />
      </Owners>
      <Execution id="172263ba-ee48-4804-be8b-5e83aa1896ab" />
      <TestMethod codeBase="C:/Users/dmel/Documents/projects/StandardTests/bin/Debug/StandardTests.DLL" adapterTypeName="Microsoft.VisualStudio.TestTools.TestTypes.Unit.UnitTestAdapter, Microsoft.VisualStudio.QualityTools.Tips.UnitTest.Adapter" className="StandardTests.UnitTest1, StandardTests, Version=1.0.0.0, Culture=neutral, PublicKeyToken=null" name="SuffixTest" />
    </UnitTest>
    <UnitTest name="OmitTest" storage="standardtests.dll" id="597c81d8-5a26-340d-4546-7fdaca1faaca">
      <Css projectStructure="" iteration="" />
      <Owners>
        <Owner name="" />
      </Owners>
      <Execution id="729626f8-811f-42ee-a21c-6f62edd19c98" />
      <TestMethod codeBase="C:/Users/dmel/Documents/projects/StandardTests/bin/Debug/StandardTests.DLL" adapterTypeName="Microsoft.VisualStudio.TestTools.TestTypes.Unit.UnitTestAdapter, Microsoft.VisualStudio.QualityTools.Tips.UnitTest.Adapter" className="StandardTests.UnitTest1, StandardTests, Version=1.0.0.0, Culture=neutral, PublicKeyToken=null" name="OmitTest" />
    </UnitTest>
    <UnitTest name="RenameTest" storage="standardtests.dll" id="93832482-a902-a208-2796-0902b64362eb">
      <Css projectStructure="" iteration="" />
      <Owners>
        <Owner name="" />
      </Owners>
      <Execution id="90fb84d3-7599-4ab4-a0ae-d99172dc5559" />
      <TestMethod codeBase="C:/Users/dmel/Documents/projects/StandardTests/bin/Debug/StandardTests.DLL" adapterTypeName="Microsoft.VisualStudio.TestTools.TestTypes.Unit.UnitTestAdapter, Microsoft.VisualStudio.QualityTools.Tips.UnitTest.Adapter" className="StandardTests.UnitTest1, StandardTests, Version=1.0.0.0, Culture=neutral, PublicKeyToken=null" name="RenameTest" />
    </UnitTest>
  </TestDefinitions>
  <TestLists>
    <TestList name="Results Not in a List" id="8c84fa94-04c1-424b-9868-57a2d4851a1d" />
    <TestList name="All Loaded Results" id="19431567-8539-422a-85d7-44ee4e166bda" />
  </TestLists>
  <TestEntries>
    <TestEntry testId="597c81d8-5a26-340d-4546-7fdaca1faaca" executionId="729626f8-811f-42ee-a21c-6f62edd19c98" testListId="8c84fa94-04c1-424b-9868-57a2d4851a1d" />
    <TestEntry testId="93832482-a902-a208-2796-0902b64362eb" executionId="90fb84d3-7599-4ab4-a0ae-d99172dc5559" testListId="8c84fa94-04c1-424b-9868-57a2d4851a1d" />
    <TestEntry testId="4e48c183-7f72-4d1f-62bd-a31231eee21e" executionId="172263ba-ee48-4804-be8b-5e83aa1896ab" testListId="8c84fa94-04c1-424b-9868-57a2d4851a1d" />
  </TestEntries>
  <Results>
    <UnitTestResult executionId="729626f8-811f-42ee-a21c-6f62edd19c98" testId="597c81d8-5a26-340d-4546-7fdaca1faaca" testName="OmitTest" computerName="JENK" duration="00:00:00.0057900" startTime="2015-04-13T08:55:55.2066292-06:00" endTime="2015-04-13T08:55:55.4376292-06:00" testType="13cdc9d9-ddb5-4fa4-a97d-d965ccfc6d4b" outcome="Passed" testListId="8c84fa94-04c1-424b-9868-57a2d4851a1d">
      <Output>
        <StdOut>omit-from-jenkins:true</StdOut>
      </Output>
    </UnitTestResult>
    <UnitTestResult executionId="90fb84d3-7599-4ab4-a0ae-d99172dc5559" testId="93832482-a902-a208-2796-0902b64362eb" testName="RenameTest" computerName="JENK" duration="00:00:00.0000924" startTime="2015-04-13T08:55:55.4386292-06:00" endTime="2015-04-13T08:55:55.4396292-06:00" testType="13cdc9d9-ddb5-4fa4-a97d-d965ccfc6d4b" outcome="Passed" testListId="8c84fa94-04c1-424b-9868-57a2d4851a1d">
      <Output>
        <StdOut>test-alternate-name:Use This Name Instead:</StdOut>
      </Output>
    </UnitTestResult>
    <UnitTestResult executionId="172263ba-ee48-4804-be8b-5e83aa1896ab" testId="4e48c183-7f72-4d1f-62bd-a31231eee21e" testName="SuffixTest" computerName="JENK" duration="00:00:00.0000817" startTime="2015-04-13T08:55:55.4396292-06:00" endTime="2015-04-13T08:55:55.4416292-06:00" testType="13cdc9d9-ddb5-4fa4-a97d-d965ccfc6d4b" outcome="Passed" testListId="8c84fa94-04c1-424b-9868-57a2d4851a1d">
      <Output>
        <StdOut>test-instance-name:My Suffix:</StdOut>
      </Output>
    </UnitTestResult>
  </Results>
</TestRun>